# JRE version: 6.0_34-b34
# Java VM: OpenJDK Zero VM (23.25-b01 mixed mode linux-arm )
Heap
 def new generation   total 4480K, used 4122K [0x52d00000, 0x531c0000, 0x5c7a0000)
  eden space 4096K,  99% used [0x52d00000, 0x530ffcb8, 0x53100000)
  from space 384K,   6% used [0x53160000, 0x53166b50, 0x531c0000)
  to   space 384K,   0% used [0x53100000, 0x53100000, 0x53160000)
 tenured generation   total 9984K, used 1229K [0x5c7a0000, 0x5d160000, 0x6fd00000)
   the space 9984K,  12% used [0x5c7a0000, 0x5c8d3518, 0x5c8d3600, 0x5d160000)
 compacting perm gen  total 6912K, used 6677K [0x6fd00000, 0x703c0000, 0x73d00000)
   the space 6912K,  96% used [0x6fd00000, 0x703855e8, 0x70385600, 0x703c0000)
GC Heap History (6 events):
Event: 5.234 GC heap before
{Heap before GC invocations=0 (full 0):
 def new generation   total 4480K, used 4095K [0x52d00000, 0x531c0000, 0x5c7a0000)
  eden space 4096K,  99% used [0x52d00000, 0x530fff80, 0x53100000)
  from space 384K,   0% used [0x53100000, 0x53100000, 0x53160000)
  to   space 384K,   0% used [0x53160000, 0x53160000, 0x531c0000)
 tenured generation   total 9984K, used 0K [0x5c7a0000, 0x5d160000, 0x6fd00000)
   the space 9984K,   0% used [0x5c7a0000, 0x5c7a0000, 0x5c7a0200, 0x5d160000)
 compacting perm gen  total 6656K, used 6598K [0x6fd00000, 0x70380000, 0x73d00000)
   the space 6656K,  99% used [0x6fd00000, 0x70371bf8, 0x70371c00, 0x70380000)
No shared spaces configured.
Event: 5.303 GC heap after
Heap after GC invocations=1 (full 0):
 def new generation   total 4480K, used 384K [0x52d00000, 0x531c0000, 0x5c7a0000)
  eden space 4096K,   0% used [0x52d00000, 0x52d00000, 0x53100000)
  from space 384K, 100% used [0x53160000, 0x531c0000, 0x531c0000)
  to   space 384K,   0% used [0x53100000, 0x53100000, 0x53160000)
 tenured generation   total 9984K, used 851K [0x5c7a0000, 0x5d160000, 0x6fd00000)
   the space 9984K,   8% used [0x5c7a0000, 0x5c874c40, 0x5c874e00, 0x5d160000)
 compacting perm gen  total 6656K, used 6598K [0x6fd00000, 0x70380000, 0x73d00000)
   the space 6656K,  99% used [0x6fd00000, 0x70371bf8, 0x70371c00, 0x70380000)
No shared spaces configured.
}
Event: 5.329 GC heap before
{Heap before GC invocations=1 (full 0):
 def new generation   total 4480K, used 4476K [0x52d00000, 0x531c0000, 0x5c7a0000)
  eden space 4096K,  99% used [0x52d00000, 0x530ff250, 0x53100000)
  from space 384K, 100% used [0x53160000, 0x531c0000, 0x531c0000)
  to   space 384K,   0% used [0x53100000, 0x53100000, 0x53160000)
 tenured generation   total 9984K, used 851K [0x5c7a0000, 0x5d160000, 0x6fd00000)
   the space 9984K,   8% used [0x5c7a0000, 0x5c874c40, 0x5c874e00, 0x5d160000)
 compacting perm gen  total 6656K, used 6606K [0x6fd00000, 0x70380000, 0x73d00000)
   the space 6656K,  99% used [0x6fd00000, 0x70373bc0, 0x70373c00, 0x70380000)
No shared spaces configured.
Event: 5.374 GC heap after
Heap after GC invocations=2 (full 0):
 def new generation   total 4480K, used 12K [0x52d00000, 0x531c0000, 0x5c7a0000)
  eden space 4096K,   0% used [0x52d00000, 0x52d00000, 0x53100000)
  from space 384K,   3% used [0x53100000, 0x53103398, 0x53160000)
  to   space 384K,   0% used [0x53160000, 0x53160000, 0x531c0000)
 tenured generation   total 9984K, used 1229K [0x5c7a0000, 0x5d160000, 0x6fd00000)
   the space 9984K,  12% used [0x5c7a0000, 0x5c8d3518, 0x5c8d3600, 0x5d160000)
 compacting perm gen  total 6656K, used 6606K [0x6fd00000, 0x70380000, 0x73d00000)
   the space 6656K,  99% used [0x6fd00000, 0x70373bc0, 0x70373c00, 0x70380000)
No shared spaces configured.
}
Event: 5.401 GC heap before
{Heap before GC invocations=2 (full 0):
 def new generation   total 4480K, used 4102K [0x52d00000, 0x531c0000, 0x5c7a0000)
  eden space 4096K,  99% used [0x52d00000, 0x530fe5d0, 0x53100000)
  from space 384K,   3% used [0x53100000, 0x53103398, 0x53160000)
  to   space 384K,   0% used [0x53160000, 0x53160000, 0x531c0000)
 tenured generation   total 9984K, used 1229K [0x5c7a0000, 0x5d160000, 0x6fd00000)
   the space 9984K,  12% used [0x5c7a0000, 0x5c8d3518, 0x5c8d3600, 0x5d160000)
 compacting perm gen  total 6912K, used 6657K [0x6fd00000, 0x703c0000, 0x73d00000)
   the space 6912K,  96% used [0x6fd00000, 0x70380750, 0x70380800, 0x703c0000)
No shared spaces configured.
Event: 5.427 GC heap after
Heap after GC invocations=3 (full 0):
 def new generation   total 4480K, used 26K [0x52d00000, 0x531c0000, 0x5c7a0000)
  eden space 4096K,   0% used [0x52d00000, 0x52d00000, 0x53100000)
  from space 384K,   6% used [0x53160000, 0x53166b50, 0x531c0000)
  to   space 384K,   0% used [0x53100000, 0x53100000, 0x53160000)
 tenured generation   total 9984K, used 1229K [0x5c7a0000, 0x5d160000, 0x6fd00000)
   the space 9984K,  12% used [0x5c7a0000, 0x5c8d3518, 0x5c8d3600, 0x5d160000)
 compacting perm gen  total 6912K, used 6657K [0x6fd00000, 0x703c0000, 0x73d00000)
   the space 6912K,  96% used [0x6fd00000, 0x70380750, 0x70380800, 0x703c0000)
No shared spaces configured.
}

