# JRE version: 6.0_34-b34
# Java VM: OpenJDK Zero VM (23.25-b01 mixed mode linux-arm )
Heap
 def new generation   total 4480K, used 4187K [0x52d80000, 0x53240000, 0x5c820000)
  eden space 4096K,  99% used [0x52d80000, 0x531784a0, 0x53180000)
  from space 384K,  31% used [0x53180000, 0x5319e870, 0x531e0000)
  to   space 384K,   0% used [0x531e0000, 0x531e0000, 0x53240000)
 tenured generation   total 9984K, used 1726K [0x5c820000, 0x5d1e0000, 0x6fd80000)
   the space 9984K,  17% used [0x5c820000, 0x5c9cfb10, 0x5c9cfc00, 0x5d1e0000)
 compacting perm gen  total 7168K, used 7112K [0x6fd80000, 0x70480000, 0x73d80000)
   the space 7168K,  99% used [0x6fd80000, 0x704723c0, 0x70472400, 0x70480000)
GC Heap History (10 events):
Event: 9.857 GC heap before
{Heap before GC invocations=181 (full 0):
 def new generation   total 4480K, used 4155K [0x52d80000, 0x53240000, 0x5c820000)
  eden space 4096K,  99% used [0x52d80000, 0x5317e7a0, 0x53180000)
  from space 384K,  16% used [0x531e0000, 0x531f0478, 0x53240000)
  to   space 384K,   0% used [0x53180000, 0x53180000, 0x531e0000)
 tenured generation   total 9984K, used 1722K [0x5c820000, 0x5d1e0000, 0x6fd80000)
   the space 9984K,  17% used [0x5c820000, 0x5c9cea70, 0x5c9cec00, 0x5d1e0000)
 compacting perm gen  total 7168K, used 7112K [0x6fd80000, 0x70480000, 0x73d80000)
   the space 7168K,  99% used [0x6fd80000, 0x704723c0, 0x70472400, 0x70480000)
No shared spaces configured.
Event: 9.862 GC heap after
Heap after GC invocations=182 (full 0):
 def new generation   total 4480K, used 66K [0x52d80000, 0x53240000, 0x5c820000)
  eden space 4096K,   0% used [0x52d80000, 0x52d80000, 0x53180000)
  from space 384K,  17% used [0x53180000, 0x53190838, 0x531e0000)
  to   space 384K,   0% used [0x531e0000, 0x531e0000, 0x53240000)
 tenured generation   total 9984K, used 1723K [0x5c820000, 0x5d1e0000, 0x6fd80000)
   the space 9984K,  17% used [0x5c820000, 0x5c9cedf0, 0x5c9cee00, 0x5d1e0000)
 compacting perm gen  total 7168K, used 7112K [0x6fd80000, 0x70480000, 0x73d80000)
   the space 7168K,  99% used [0x6fd80000, 0x704723c0, 0x70472400, 0x70480000)
No shared spaces configured.
}
Event: 9.899 GC heap before
{Heap before GC invocations=182 (full 0):
 def new generation   total 4480K, used 4142K [0x52d80000, 0x53240000, 0x5c820000)
  eden space 4096K,  99% used [0x52d80000, 0x5317b318, 0x53180000)
  from space 384K,  17% used [0x53180000, 0x53190838, 0x531e0000)
  to   space 384K,   0% used [0x531e0000, 0x531e0000, 0x53240000)
 tenured generation   total 9984K, used 1723K [0x5c820000, 0x5d1e0000, 0x6fd80000)
   the space 9984K,  17% used [0x5c820000, 0x5c9cedf0, 0x5c9cee00, 0x5d1e0000)
 compacting perm gen  total 7168K, used 7112K [0x6fd80000, 0x70480000, 0x73d80000)
   the space 7168K,  99% used [0x6fd80000, 0x704723c0, 0x70472400, 0x70480000)
No shared spaces configured.
Event: 9.902 GC heap after
Heap after GC invocations=183 (full 0):
 def new generation   total 4480K, used 118K [0x52d80000, 0x53240000, 0x5c820000)
  eden space 4096K,   0% used [0x52d80000, 0x52d80000, 0x53180000)
  from space 384K,  30% used [0x531e0000, 0x531fda38, 0x53240000)
  to   space 384K,   0% used [0x53180000, 0x53180000, 0x531e0000)
 tenured generation   total 9984K, used 1724K [0x5c820000, 0x5d1e0000, 0x6fd80000)
   the space 9984K,  17% used [0x5c820000, 0x5c9cf170, 0x5c9cf200, 0x5d1e0000)
 compacting perm gen  total 7168K, used 7112K [0x6fd80000, 0x70480000, 0x73d80000)
   the space 7168K,  99% used [0x6fd80000, 0x704723c0, 0x70472400, 0x70480000)
No shared spaces configured.
}
Event: 9.949 GC heap before
{Heap before GC invocations=183 (full 0):
 def new generation   total 4480K, used 4185K [0x52d80000, 0x53240000, 0x5c820000)
  eden space 4096K,  99% used [0x52d80000, 0x53178cd0, 0x53180000)
  from space 384K,  30% used [0x531e0000, 0x531fda38, 0x53240000)
  to   space 384K,   0% used [0x53180000, 0x53180000, 0x531e0000)
 tenured generation   total 9984K, used 1724K [0x5c820000, 0x5d1e0000, 0x6fd80000)
   the space 9984K,  17% used [0x5c820000, 0x5c9cf170, 0x5c9cf200, 0x5d1e0000)
 compacting perm gen  total 7168K, used 7112K [0x6fd80000, 0x70480000, 0x73d80000)
   the space 7168K,  99% used [0x6fd80000, 0x704723c0, 0x70472400, 0x70480000)
No shared spaces configured.
Event: 9.952 GC heap after
Heap after GC invocations=184 (full 0):
 def new generation   total 4480K, used 118K [0x52d80000, 0x53240000, 0x5c820000)
  eden space 4096K,   0% used [0x52d80000, 0x52d80000, 0x53180000)
  from space 384K,  30% used [0x53180000, 0x5319db78, 0x531e0000)
  to   space 384K,   0% used [0x531e0000, 0x531e0000, 0x53240000)
 tenured generation   total 9984K, used 1725K [0x5c820000, 0x5d1e0000, 0x6fd80000)
   the space 9984K,  17% used [0x5c820000, 0x5c9cf480, 0x5c9cf600, 0x5d1e0000)
 compacting perm gen  total 7168K, used 7112K [0x6fd80000, 0x70480000, 0x73d80000)
   the space 7168K,  99% used [0x6fd80000, 0x704723c0, 0x70472400, 0x70480000)
No shared spaces configured.
}
Event: 9.986 GC heap before
{Heap before GC invocations=184 (full 0):
 def new generation   total 4480K, used 4164K [0x52d80000, 0x53240000, 0x5c820000)
  eden space 4096K,  98% used [0x52d80000, 0x53173578, 0x53180000)
  from space 384K,  30% used [0x53180000, 0x5319db78, 0x531e0000)
  to   space 384K,   0% used [0x531e0000, 0x531e0000, 0x53240000)
 tenured generation   total 9984K, used 1725K [0x5c820000, 0x5d1e0000, 0x6fd80000)
   the space 9984K,  17% used [0x5c820000, 0x5c9cf480, 0x5c9cf600, 0x5d1e0000)
 compacting perm gen  total 7168K, used 7112K [0x6fd80000, 0x70480000, 0x73d80000)
   the space 7168K,  99% used [0x6fd80000, 0x704723c0, 0x70472400, 0x70480000)
No shared spaces configured.
Event: 9.990 GC heap after
Heap after GC invocations=185 (full 0):
 def new generation   total 4480K, used 66K [0x52d80000, 0x53240000, 0x5c820000)
  eden space 4096K,   0% used [0x52d80000, 0x52d80000, 0x53180000)
  from space 384K,  17% used [0x531e0000, 0x531f08a8, 0x53240000)
  to   space 384K,   0% used [0x53180000, 0x53180000, 0x531e0000)
 tenured generation   total 9984K, used 1726K [0x5c820000, 0x5d1e0000, 0x6fd80000)
   the space 9984K,  17% used [0x5c820000, 0x5c9cf800, 0x5c9cf800, 0x5d1e0000)
 compacting perm gen  total 7168K, used 7112K [0x6fd80000, 0x70480000, 0x73d80000)
   the space 7168K,  99% used [0x6fd80000, 0x704723c0, 0x70472400, 0x70480000)
No shared spaces configured.
}
Event: 10.026 GC heap before
{Heap before GC invocations=185 (full 0):
 def new generation   total 4480K, used 4153K [0x52d80000, 0x53240000, 0x5c820000)
  eden space 4096K,  99% used [0x52d80000, 0x5317df08, 0x53180000)
  from space 384K,  17% used [0x531e0000, 0x531f08a8, 0x53240000)
  to   space 384K,   0% used [0x53180000, 0x53180000, 0x531e0000)
 tenured generation   total 9984K, used 1726K [0x5c820000, 0x5d1e0000, 0x6fd80000)
   the space 9984K,  17% used [0x5c820000, 0x5c9cf800, 0x5c9cf800, 0x5d1e0000)
 compacting perm gen  total 7168K, used 7112K [0x6fd80000, 0x70480000, 0x73d80000)
   the space 7168K,  99% used [0x6fd80000, 0x704723c0, 0x70472400, 0x70480000)
No shared spaces configured.
Event: 10.031 GC heap after
Heap after GC invocations=186 (full 0):
 def new generation   total 4480K, used 122K [0x52d80000, 0x53240000, 0x5c820000)
  eden space 4096K,   0% used [0x52d80000, 0x52d80000, 0x53180000)
  from space 384K,  31% used [0x53180000, 0x5319e870, 0x531e0000)
  to   space 384K,   0% used [0x531e0000, 0x531e0000, 0x53240000)
 tenured generation   total 9984K, used 1726K [0x5c820000, 0x5d1e0000, 0x6fd80000)
   the space 9984K,  17% used [0x5c820000, 0x5c9cfb10, 0x5c9cfc00, 0x5d1e0000)
 compacting perm gen  total 7168K, used 7112K [0x6fd80000, 0x70480000, 0x73d80000)
   the space 7168K,  99% used [0x6fd80000, 0x704723c0, 0x70472400, 0x70480000)
No shared spaces configured.
}

