# JRE version: 6.0_34-b34
# Java VM: OpenJDK Zero VM (23.25-b01 mixed mode linux-arm )
Heap
 def new generation   total 4480K, used 4119K [0x52d80000, 0x53240000, 0x5c820000)
  eden space 4096K,  99% used [0x52d80000, 0x5317b868, 0x53180000)
  from space 384K,  10% used [0x531e0000, 0x531ea6c8, 0x53240000)
  to   space 384K,   0% used [0x53180000, 0x53180000, 0x531e0000)
 tenured generation   total 9984K, used 1233K [0x5c820000, 0x5d1e0000, 0x6fd80000)
   the space 9984K,  12% used [0x5c820000, 0x5c954678, 0x5c954800, 0x5d1e0000)
 compacting perm gen  total 6912K, used 6662K [0x6fd80000, 0x70440000, 0x73d80000)
   the space 6912K,  96% used [0x6fd80000, 0x70401b18, 0x70401c00, 0x70440000)
GC Heap History (10 events):
Event: 5.428 GC heap before
{Heap before GC invocations=4 (full 0):
 def new generation   total 4480K, used 4096K [0x52d80000, 0x53240000, 0x5c820000)
  eden space 4096K,  99% used [0x52d80000, 0x5317cde8, 0x53180000)
  from space 384K,   3% used [0x53180000, 0x53183420, 0x531e0000)
  to   space 384K,   0% used [0x531e0000, 0x531e0000, 0x53240000)
 tenured generation   total 9984K, used 1233K [0x5c820000, 0x5d1e0000, 0x6fd80000)
   the space 9984K,  12% used [0x5c820000, 0x5c954678, 0x5c954800, 0x5d1e0000)
 compacting perm gen  total 6912K, used 6657K [0x6fd80000, 0x70440000, 0x73d80000)
   the space 6912K,  96% used [0x6fd80000, 0x70400648, 0x70400800, 0x70440000)
No shared spaces configured.
Event: 5.430 GC heap after
Heap after GC invocations=5 (full 0):
 def new generation   total 4480K, used 14K [0x52d80000, 0x53240000, 0x5c820000)
  eden space 4096K,   0% used [0x52d80000, 0x52d80000, 0x53180000)
  from space 384K,   3% used [0x531e0000, 0x531e3bc8, 0x53240000)
  to   space 384K,   0% used [0x53180000, 0x53180000, 0x531e0000)
 tenured generation   total 9984K, used 1233K [0x5c820000, 0x5d1e0000, 0x6fd80000)
   the space 9984K,  12% used [0x5c820000, 0x5c954678, 0x5c954800, 0x5d1e0000)
 compacting perm gen  total 6912K, used 6657K [0x6fd80000, 0x70440000, 0x73d80000)
   the space 6912K,  96% used [0x6fd80000, 0x70400648, 0x70400800, 0x70440000)
No shared spaces configured.
}
Event: 5.459 GC heap before
{Heap before GC invocations=5 (full 0):
 def new generation   total 4480K, used 4095K [0x52d80000, 0x53240000, 0x5c820000)
  eden space 4096K,  99% used [0x52d80000, 0x5317c100, 0x53180000)
  from space 384K,   3% used [0x531e0000, 0x531e3bc8, 0x53240000)
  to   space 384K,   0% used [0x53180000, 0x53180000, 0x531e0000)
 tenured generation   total 9984K, used 1233K [0x5c820000, 0x5d1e0000, 0x6fd80000)
   the space 9984K,  12% used [0x5c820000, 0x5c954678, 0x5c954800, 0x5d1e0000)
 compacting perm gen  total 6912K, used 6657K [0x6fd80000, 0x70440000, 0x73d80000)
   the space 6912K,  96% used [0x6fd80000, 0x70400648, 0x70400800, 0x70440000)
No shared spaces configured.
Event: 5.461 GC heap after
Heap after GC invocations=6 (full 0):
 def new generation   total 4480K, used 16K [0x52d80000, 0x53240000, 0x5c820000)
  eden space 4096K,   0% used [0x52d80000, 0x52d80000, 0x53180000)
  from space 384K,   4% used [0x53180000, 0x53184278, 0x531e0000)
  to   space 384K,   0% used [0x531e0000, 0x531e0000, 0x53240000)
 tenured generation   total 9984K, used 1233K [0x5c820000, 0x5d1e0000, 0x6fd80000)
   the space 9984K,  12% used [0x5c820000, 0x5c954678, 0x5c954800, 0x5d1e0000)
 compacting perm gen  total 6912K, used 6657K [0x6fd80000, 0x70440000, 0x73d80000)
   the space 6912K,  96% used [0x6fd80000, 0x70400648, 0x70400800, 0x70440000)
No shared spaces configured.
}
Event: 5.486 GC heap before
{Heap before GC invocations=6 (full 0):
 def new generation   total 4480K, used 4100K [0x52d80000, 0x53240000, 0x5c820000)
  eden space 4096K,  99% used [0x52d80000, 0x5317cf58, 0x53180000)
  from space 384K,   4% used [0x53180000, 0x53184278, 0x531e0000)
  to   space 384K,   0% used [0x531e0000, 0x531e0000, 0x53240000)
 tenured generation   total 9984K, used 1233K [0x5c820000, 0x5d1e0000, 0x6fd80000)
   the space 9984K,  12% used [0x5c820000, 0x5c954678, 0x5c954800, 0x5d1e0000)
 compacting perm gen  total 6912K, used 6657K [0x6fd80000, 0x70440000, 0x73d80000)
   the space 6912K,  96% used [0x6fd80000, 0x70400648, 0x70400800, 0x70440000)
No shared spaces configured.
Event: 5.487 GC heap after
Heap after GC invocations=7 (full 0):
 def new generation   total 4480K, used 18K [0x52d80000, 0x53240000, 0x5c820000)
  eden space 4096K,   0% used [0x52d80000, 0x52d80000, 0x53180000)
  from space 384K,   4% used [0x531e0000, 0x531e48a0, 0x53240000)
  to   space 384K,   0% used [0x53180000, 0x53180000, 0x531e0000)
 tenured generation   total 9984K, used 1233K [0x5c820000, 0x5d1e0000, 0x6fd80000)
   the space 9984K,  12% used [0x5c820000, 0x5c954678, 0x5c954800, 0x5d1e0000)
 compacting perm gen  total 6912K, used 6657K [0x6fd80000, 0x70440000, 0x73d80000)
   the space 6912K,  96% used [0x6fd80000, 0x70400648, 0x70400800, 0x70440000)
No shared spaces configured.
}
Event: 5.511 GC heap before
{Heap before GC invocations=7 (full 0):
 def new generation   total 4480K, used 4113K [0x52d80000, 0x53240000, 0x5c820000)
  eden space 4096K,  99% used [0x52d80000, 0x5317fe78, 0x53180000)
  from space 384K,   4% used [0x531e0000, 0x531e48a0, 0x53240000)
  to   space 384K,   0% used [0x53180000, 0x53180000, 0x531e0000)
 tenured generation   total 9984K, used 1233K [0x5c820000, 0x5d1e0000, 0x6fd80000)
   the space 9984K,  12% used [0x5c820000, 0x5c954678, 0x5c954800, 0x5d1e0000)
 compacting perm gen  total 6912K, used 6657K [0x6fd80000, 0x70440000, 0x73d80000)
   the space 6912K,  96% used [0x6fd80000, 0x70400648, 0x70400800, 0x70440000)
No shared spaces configured.
Event: 5.513 GC heap after
Heap after GC invocations=8 (full 0):
 def new generation   total 4480K, used 19K [0x52d80000, 0x53240000, 0x5c820000)
  eden space 4096K,   0% used [0x52d80000, 0x52d80000, 0x53180000)
  from space 384K,   5% used [0x53180000, 0x53184e68, 0x531e0000)
  to   space 384K,   0% used [0x531e0000, 0x531e0000, 0x53240000)
 tenured generation   total 9984K, used 1233K [0x5c820000, 0x5d1e0000, 0x6fd80000)
   the space 9984K,  12% used [0x5c820000, 0x5c954678, 0x5c954800, 0x5d1e0000)
 compacting perm gen  total 6912K, used 6657K [0x6fd80000, 0x70440000, 0x73d80000)
   the space 6912K,  96% used [0x6fd80000, 0x70400648, 0x70400800, 0x70440000)
No shared spaces configured.
}
Event: 5.535 GC heap before
{Heap before GC invocations=8 (full 0):
 def new generation   total 4480K, used 4110K [0x52d80000, 0x53240000, 0x5c820000)
  eden space 4096K,  99% used [0x52d80000, 0x5317eb40, 0x53180000)
  from space 384K,   5% used [0x53180000, 0x53184e68, 0x531e0000)
  to   space 384K,   0% used [0x531e0000, 0x531e0000, 0x53240000)
 tenured generation   total 9984K, used 1233K [0x5c820000, 0x5d1e0000, 0x6fd80000)
   the space 9984K,  12% used [0x5c820000, 0x5c954678, 0x5c954800, 0x5d1e0000)
 compacting perm gen  total 6912K, used 6657K [0x6fd80000, 0x70440000, 0x73d80000)
   the space 6912K,  96% used [0x6fd80000, 0x70400648, 0x70400800, 0x70440000)
No shared spaces configured.
Event: 5.537 GC heap after
Heap after GC invocations=9 (full 0):
 def new generation   total 4480K, used 41K [0x52d80000, 0x53240000, 0x5c820000)
  eden space 4096K,   0% used [0x52d80000, 0x52d80000, 0x53180000)
  from space 384K,  10% used [0x531e0000, 0x531ea6c8, 0x53240000)
  to   space 384K,   0% used [0x53180000, 0x53180000, 0x531e0000)
 tenured generation   total 9984K, used 1233K [0x5c820000, 0x5d1e0000, 0x6fd80000)
   the space 9984K,  12% used [0x5c820000, 0x5c954678, 0x5c954800, 0x5d1e0000)
 compacting perm gen  total 6912K, used 6657K [0x6fd80000, 0x70440000, 0x73d80000)
   the space 6912K,  96% used [0x6fd80000, 0x70400648, 0x70400800, 0x70440000)
No shared spaces configured.
}

