# JRE version: 6.0_34-b34
# Java VM: OpenJDK Zero VM (23.25-b01 mixed mode linux-arm )
Heap
 def new generation   total 4480K, used 4132K [0x52d80000, 0x53240000, 0x5c820000)
  eden space 4096K,  99% used [0x52d80000, 0x5317e660, 0x53180000)
  from space 384K,  11% used [0x53180000, 0x5318ac28, 0x531e0000)
  to   space 384K,   8% used [0x531e0000, 0x531e7d88, 0x53240000)
 tenured generation   total 9984K, used 1353K [0x5c820000, 0x5d1e0000, 0x6fd80000)
   the space 9984K,  13% used [0x5c820000, 0x5c972488, 0x5c972600, 0x5d1e0000)
 compacting perm gen  total 7168K, used 6978K [0x6fd80000, 0x70480000, 0x73d80000)
   the space 7168K,  97% used [0x6fd80000, 0x70450858, 0x70450a00, 0x70480000)
GC Heap History (10 events):
Event: 4.681 GC heap after
Heap after GC invocations=10 (full 0):
 def new generation   total 4480K, used 102K [0x52d80000, 0x53240000, 0x5c820000)
  eden space 4096K,   0% used [0x52d80000, 0x52d80000, 0x53180000)
  from space 384K,  26% used [0x53180000, 0x53199a80, 0x531e0000)
  to   space 384K,   0% used [0x531e0000, 0x531e0000, 0x53240000)
 tenured generation   total 9984K, used 1286K [0x5c820000, 0x5d1e0000, 0x6fd80000)
   the space 9984K,  12% used [0x5c820000, 0x5c9618c0, 0x5c961a00, 0x5d1e0000)
 compacting perm gen  total 7168K, used 6976K [0x6fd80000, 0x70480000, 0x73d80000)
   the space 7168K,  97% used [0x6fd80000, 0x704502e8, 0x70450400, 0x70480000)
No shared spaces configured.
}
Event: 4.700 GC heap before
{Heap before GC invocations=10 (full 0):
 def new generation   total 4480K, used 4197K [0x52d80000, 0x53240000, 0x5c820000)
  eden space 4096K,  99% used [0x52d80000, 0x5317fc90, 0x53180000)
  from space 384K,  26% used [0x53180000, 0x53199a80, 0x531e0000)
  to   space 384K,   0% used [0x531e0000, 0x531e0000, 0x53240000)
 tenured generation   total 9984K, used 1286K [0x5c820000, 0x5d1e0000, 0x6fd80000)
   the space 9984K,  12% used [0x5c820000, 0x5c9618c0, 0x5c961a00, 0x5d1e0000)
 compacting perm gen  total 7168K, used 6976K [0x6fd80000, 0x70480000, 0x73d80000)
   the space 7168K,  97% used [0x6fd80000, 0x704502e8, 0x70450400, 0x70480000)
No shared spaces configured.
Event: 4.703 GC heap after
Heap after GC invocations=11 (full 0):
 def new generation   total 4480K, used 87K [0x52d80000, 0x53240000, 0x5c820000)
  eden space 4096K,   0% used [0x52d80000, 0x52d80000, 0x53180000)
  from space 384K,  22% used [0x531e0000, 0x531f5d70, 0x53240000)
  to   space 384K,   0% used [0x53180000, 0x53180000, 0x531e0000)
 tenured generation   total 9984K, used 1286K [0x5c820000, 0x5d1e0000, 0x6fd80000)
   the space 9984K,  12% used [0x5c820000, 0x5c9618c0, 0x5c961a00, 0x5d1e0000)
 compacting perm gen  total 7168K, used 6976K [0x6fd80000, 0x70480000, 0x73d80000)
   the space 7168K,  97% used [0x6fd80000, 0x704502e8, 0x70450400, 0x70480000)
No shared spaces configured.
}
Event: 4.722 GC heap before
{Heap before GC invocations=11 (full 0):
 def new generation   total 4480K, used 4160K [0x52d80000, 0x53240000, 0x5c820000)
  eden space 4096K,  99% used [0x52d80000, 0x5317a4e8, 0x53180000)
  from space 384K,  22% used [0x531e0000, 0x531f5d70, 0x53240000)
  to   space 384K,   0% used [0x53180000, 0x53180000, 0x531e0000)
 tenured generation   total 9984K, used 1286K [0x5c820000, 0x5d1e0000, 0x6fd80000)
   the space 9984K,  12% used [0x5c820000, 0x5c9618c0, 0x5c961a00, 0x5d1e0000)
 compacting perm gen  total 7168K, used 6976K [0x6fd80000, 0x70480000, 0x73d80000)
   the space 7168K,  97% used [0x6fd80000, 0x704502e8, 0x70450400, 0x70480000)
No shared spaces configured.
Event: 4.726 GC heap after
Heap after GC invocations=12 (full 0):
 def new generation   total 4480K, used 95K [0x52d80000, 0x53240000, 0x5c820000)
  eden space 4096K,   0% used [0x52d80000, 0x52d80000, 0x53180000)
  from space 384K,  24% used [0x53180000, 0x53197d60, 0x531e0000)
  to   space 384K,   0% used [0x531e0000, 0x531e0000, 0x53240000)
 tenured generation   total 9984K, used 1286K [0x5c820000, 0x5d1e0000, 0x6fd80000)
   the space 9984K,  12% used [0x5c820000, 0x5c9618c0, 0x5c961a00, 0x5d1e0000)
 compacting perm gen  total 7168K, used 6976K [0x6fd80000, 0x70480000, 0x73d80000)
   the space 7168K,  97% used [0x6fd80000, 0x704502e8, 0x70450400, 0x70480000)
No shared spaces configured.
}
Event: 4.749 GC heap before
{Heap before GC invocations=12 (full 0):
 def new generation   total 4480K, used 4175K [0x52d80000, 0x53240000, 0x5c820000)
  eden space 4096K,  99% used [0x52d80000, 0x5317c0c8, 0x53180000)
  from space 384K,  24% used [0x53180000, 0x53197d60, 0x531e0000)
  to   space 384K,   0% used [0x531e0000, 0x531e0000, 0x53240000)
 tenured generation   total 9984K, used 1286K [0x5c820000, 0x5d1e0000, 0x6fd80000)
   the space 9984K,  12% used [0x5c820000, 0x5c9618c0, 0x5c961a00, 0x5d1e0000)
 compacting perm gen  total 7168K, used 6978K [0x6fd80000, 0x70480000, 0x73d80000)
   the space 7168K,  97% used [0x6fd80000, 0x70450858, 0x70450a00, 0x70480000)
No shared spaces configured.
Event: 4.753 GC heap after
Heap after GC invocations=13 (full 0):
 def new generation   total 4480K, used 255K [0x52d80000, 0x53240000, 0x5c820000)
  eden space 4096K,   0% used [0x52d80000, 0x52d80000, 0x53180000)
  from space 384K,  66% used [0x531e0000, 0x5321fc80, 0x53240000)
  to   space 384K,   0% used [0x53180000, 0x53180000, 0x531e0000)
 tenured generation   total 9984K, used 1286K [0x5c820000, 0x5d1e0000, 0x6fd80000)
   the space 9984K,  12% used [0x5c820000, 0x5c9618c0, 0x5c961a00, 0x5d1e0000)
 compacting perm gen  total 7168K, used 6978K [0x6fd80000, 0x70480000, 0x73d80000)
   the space 7168K,  97% used [0x6fd80000, 0x70450858, 0x70450a00, 0x70480000)
No shared spaces configured.
}
Event: 4.777 GC heap before
{Heap before GC invocations=13 (full 0):
 def new generation   total 4480K, used 4337K [0x52d80000, 0x53240000, 0x5c820000)
  eden space 4096K,  99% used [0x52d80000, 0x5317c8a0, 0x53180000)
  from space 384K,  66% used [0x531e0000, 0x5321fc80, 0x53240000)
  to   space 384K,   0% used [0x53180000, 0x53180000, 0x531e0000)
 tenured generation   total 9984K, used 1286K [0x5c820000, 0x5d1e0000, 0x6fd80000)
   the space 9984K,  12% used [0x5c820000, 0x5c9618c0, 0x5c961a00, 0x5d1e0000)
 compacting perm gen  total 7168K, used 6978K [0x6fd80000, 0x70480000, 0x73d80000)
   the space 7168K,  97% used [0x6fd80000, 0x70450858, 0x70450a00, 0x70480000)
No shared spaces configured.
Event: 4.781 GC heap after
Heap after GC invocations=14 (full 0):
 def new generation   total 4480K, used 43K [0x52d80000, 0x53240000, 0x5c820000)
  eden space 4096K,   0% used [0x52d80000, 0x52d80000, 0x53180000)
  from space 384K,  11% used [0x53180000, 0x5318ac28, 0x531e0000)
  to   space 384K,   0% used [0x531e0000, 0x531e0000, 0x53240000)
 tenured generation   total 9984K, used 1353K [0x5c820000, 0x5d1e0000, 0x6fd80000)
   the space 9984K,  13% used [0x5c820000, 0x5c972488, 0x5c972600, 0x5d1e0000)
 compacting perm gen  total 7168K, used 6978K [0x6fd80000, 0x70480000, 0x73d80000)
   the space 7168K,  97% used [0x6fd80000, 0x70450858, 0x70450a00, 0x70480000)
No shared spaces configured.
}
Event: 4.808 GC heap before
{Heap before GC invocations=14 (full 0):
 def new generation   total 4480K, used 4132K [0x52d80000, 0x53240000, 0x5c820000)
  eden space 4096K,  99% used [0x52d80000, 0x5317e660, 0x53180000)
  from space 384K,  11% used [0x53180000, 0x5318ac28, 0x531e0000)
  to   space 384K,   0% used [0x531e0000, 0x531e0000, 0x53240000)
 tenured generation   total 9984K, used 1353K [0x5c820000, 0x5d1e0000, 0x6fd80000)
   the space 9984K,  13% used [0x5c820000, 0x5c972488, 0x5c972600, 0x5d1e0000)
 compacting perm gen  total 7168K, used 6978K [0x6fd80000, 0x70480000, 0x73d80000)
   the space 7168K,  97% used [0x6fd80000, 0x70450858, 0x70450a00, 0x70480000)
No shared spaces configured.

