# JRE version: 6.0_34-b34
# Java VM: OpenJDK Zero VM (23.25-b01 mixed mode linux-arm )
Heap
 def new generation   total 4480K, used 4200K [0x52cc0000, 0x53180000, 0x5c760000)
  eden space 4096K,  99% used [0x52cc0000, 0x530bf2a8, 0x530c0000)
  from space 384K,  28% used [0x53120000, 0x5313af28, 0x53180000)
  to   space 384K,   0% used [0x530c0000, 0x530c0000, 0x53120000)
 tenured generation   total 9984K, used 1630K [0x5c760000, 0x5d120000, 0x6fcc0000)
   the space 9984K,  16% used [0x5c760000, 0x5c8f7930, 0x5c8f7a00, 0x5d120000)
 compacting perm gen  total 7168K, used 7060K [0x6fcc0000, 0x703c0000, 0x73cc0000)
   the space 7168K,  98% used [0x6fcc0000, 0x703a50d0, 0x703a5200, 0x703c0000)
GC Heap History (10 events):
Event: 4.049 GC heap before
{Heap before GC invocations=42 (full 0):
 def new generation   total 4480K, used 4210K [0x52cc0000, 0x53180000, 0x5c760000)
  eden space 4096K,  99% used [0x52cc0000, 0x530bdff8, 0x530c0000)
  from space 384K,  31% used [0x530c0000, 0x530de8c0, 0x53120000)
  to   space 384K,   0% used [0x53120000, 0x53120000, 0x53180000)
 tenured generation   total 9984K, used 1611K [0x5c760000, 0x5d120000, 0x6fcc0000)
   the space 9984K,  16% used [0x5c760000, 0x5c8f2e00, 0x5c8f2e00, 0x5d120000)
 compacting perm gen  total 7168K, used 7059K [0x6fcc0000, 0x703c0000, 0x73cc0000)
   the space 7168K,  98% used [0x6fcc0000, 0x703a4c30, 0x703a4e00, 0x703c0000)
No shared spaces configured.
Event: 4.054 GC heap after
Heap after GC invocations=43 (full 0):
 def new generation   total 4480K, used 121K [0x52cc0000, 0x53180000, 0x5c760000)
  eden space 4096K,   0% used [0x52cc0000, 0x52cc0000, 0x530c0000)
  from space 384K,  31% used [0x53120000, 0x5313e628, 0x53180000)
  to   space 384K,   0% used [0x530c0000, 0x530c0000, 0x53120000)
 tenured generation   total 9984K, used 1613K [0x5c760000, 0x5d120000, 0x6fcc0000)
   the space 9984K,  16% used [0x5c760000, 0x5c8f3538, 0x5c8f3600, 0x5d120000)
 compacting perm gen  total 7168K, used 7059K [0x6fcc0000, 0x703c0000, 0x73cc0000)
   the space 7168K,  98% used [0x6fcc0000, 0x703a4c30, 0x703a4e00, 0x703c0000)
No shared spaces configured.
}
Event: 4.072 GC heap before
{Heap before GC invocations=43 (full 0):
 def new generation   total 4480K, used 4215K [0x52cc0000, 0x53180000, 0x5c760000)
  eden space 4096K,  99% used [0x52cc0000, 0x530bf8e8, 0x530c0000)
  from space 384K,  31% used [0x53120000, 0x5313e628, 0x53180000)
  to   space 384K,   0% used [0x530c0000, 0x530c0000, 0x53120000)
 tenured generation   total 9984K, used 1613K [0x5c760000, 0x5d120000, 0x6fcc0000)
   the space 9984K,  16% used [0x5c760000, 0x5c8f3538, 0x5c8f3600, 0x5d120000)
 compacting perm gen  total 7168K, used 7060K [0x6fcc0000, 0x703c0000, 0x73cc0000)
   the space 7168K,  98% used [0x6fcc0000, 0x703a50d0, 0x703a5200, 0x703c0000)
No shared spaces configured.
Event: 4.076 GC heap after
Heap after GC invocations=44 (full 0):
 def new generation   total 4480K, used 166K [0x52cc0000, 0x53180000, 0x5c760000)
  eden space 4096K,   0% used [0x52cc0000, 0x52cc0000, 0x530c0000)
  from space 384K,  43% used [0x530c0000, 0x530e9b58, 0x53120000)
  to   space 384K,   0% used [0x53120000, 0x53120000, 0x53180000)
 tenured generation   total 9984K, used 1616K [0x5c760000, 0x5d120000, 0x6fcc0000)
   the space 9984K,  16% used [0x5c760000, 0x5c8f4300, 0x5c8f4400, 0x5d120000)
 compacting perm gen  total 7168K, used 7060K [0x6fcc0000, 0x703c0000, 0x73cc0000)
   the space 7168K,  98% used [0x6fcc0000, 0x703a50d0, 0x703a5200, 0x703c0000)
No shared spaces configured.
}
Event: 4.096 GC heap before
{Heap before GC invocations=44 (full 0):
 def new generation   total 4480K, used 4259K [0x52cc0000, 0x53180000, 0x5c760000)
  eden space 4096K,  99% used [0x52cc0000, 0x530bf408, 0x530c0000)
  from space 384K,  43% used [0x530c0000, 0x530e9b58, 0x53120000)
  to   space 384K,   0% used [0x53120000, 0x53120000, 0x53180000)
 tenured generation   total 9984K, used 1616K [0x5c760000, 0x5d120000, 0x6fcc0000)
   the space 9984K,  16% used [0x5c760000, 0x5c8f4300, 0x5c8f4400, 0x5d120000)
 compacting perm gen  total 7168K, used 7060K [0x6fcc0000, 0x703c0000, 0x73cc0000)
   the space 7168K,  98% used [0x6fcc0000, 0x703a50d0, 0x703a5200, 0x703c0000)
No shared spaces configured.
Event: 4.100 GC heap after
Heap after GC invocations=45 (full 0):
 def new generation   total 4480K, used 164K [0x52cc0000, 0x53180000, 0x5c760000)
  eden space 4096K,   0% used [0x52cc0000, 0x52cc0000, 0x530c0000)
  from space 384K,  42% used [0x53120000, 0x531493f8, 0x53180000)
  to   space 384K,   0% used [0x530c0000, 0x530c0000, 0x53120000)
 tenured generation   total 9984K, used 1620K [0x5c760000, 0x5d120000, 0x6fcc0000)
   the space 9984K,  16% used [0x5c760000, 0x5c8f5288, 0x5c8f5400, 0x5d120000)
 compacting perm gen  total 7168K, used 7060K [0x6fcc0000, 0x703c0000, 0x73cc0000)
   the space 7168K,  98% used [0x6fcc0000, 0x703a50d0, 0x703a5200, 0x703c0000)
No shared spaces configured.
}
Event: 4.119 GC heap before
{Heap before GC invocations=45 (full 0):
 def new generation   total 4480K, used 4258K [0x52cc0000, 0x53180000, 0x5c760000)
  eden space 4096K,  99% used [0x52cc0000, 0x530bf6f0, 0x530c0000)
  from space 384K,  42% used [0x53120000, 0x531493f8, 0x53180000)
  to   space 384K,   0% used [0x530c0000, 0x530c0000, 0x53120000)
 tenured generation   total 9984K, used 1620K [0x5c760000, 0x5d120000, 0x6fcc0000)
   the space 9984K,  16% used [0x5c760000, 0x5c8f5288, 0x5c8f5400, 0x5d120000)
 compacting perm gen  total 7168K, used 7060K [0x6fcc0000, 0x703c0000, 0x73cc0000)
   the space 7168K,  98% used [0x6fcc0000, 0x703a50d0, 0x703a5200, 0x703c0000)
No shared spaces configured.
Event: 4.123 GC heap after
Heap after GC invocations=46 (full 0):
 def new generation   total 4480K, used 113K [0x52cc0000, 0x53180000, 0x5c760000)
  eden space 4096K,   0% used [0x52cc0000, 0x52cc0000, 0x530c0000)
  from space 384K,  29% used [0x530c0000, 0x530dc440, 0x53120000)
  to   space 384K,   0% used [0x53120000, 0x53120000, 0x53180000)
 tenured generation   total 9984K, used 1624K [0x5c760000, 0x5d120000, 0x6fcc0000)
   the space 9984K,  16% used [0x5c760000, 0x5c8f61d8, 0x5c8f6200, 0x5d120000)
 compacting perm gen  total 7168K, used 7060K [0x6fcc0000, 0x703c0000, 0x73cc0000)
   the space 7168K,  98% used [0x6fcc0000, 0x703a50d0, 0x703a5200, 0x703c0000)
No shared spaces configured.
}
Event: 4.149 GC heap before
{Heap before GC invocations=46 (full 0):
 def new generation   total 4480K, used 4204K [0x52cc0000, 0x53180000, 0x5c760000)
  eden space 4096K,  99% used [0x52cc0000, 0x530bef30, 0x530c0000)
  from space 384K,  29% used [0x530c0000, 0x530dc440, 0x53120000)
  to   space 384K,   0% used [0x53120000, 0x53120000, 0x53180000)
 tenured generation   total 9984K, used 1624K [0x5c760000, 0x5d120000, 0x6fcc0000)
   the space 9984K,  16% used [0x5c760000, 0x5c8f61d8, 0x5c8f6200, 0x5d120000)
 compacting perm gen  total 7168K, used 7060K [0x6fcc0000, 0x703c0000, 0x73cc0000)
   the space 7168K,  98% used [0x6fcc0000, 0x703a50d0, 0x703a5200, 0x703c0000)
No shared spaces configured.
Event: 4.155 GC heap after
Heap after GC invocations=47 (full 0):
 def new generation   total 4480K, used 107K [0x52cc0000, 0x53180000, 0x5c760000)
  eden space 4096K,   0% used [0x52cc0000, 0x52cc0000, 0x530c0000)
  from space 384K,  28% used [0x53120000, 0x5313af28, 0x53180000)
  to   space 384K,   0% used [0x530c0000, 0x530c0000, 0x53120000)
 tenured generation   total 9984K, used 1630K [0x5c760000, 0x5d120000, 0x6fcc0000)
   the space 9984K,  16% used [0x5c760000, 0x5c8f7930, 0x5c8f7a00, 0x5d120000)
 compacting perm gen  total 7168K, used 7060K [0x6fcc0000, 0x703c0000, 0x73cc0000)
   the space 7168K,  98% used [0x6fcc0000, 0x703a50d0, 0x703a5200, 0x703c0000)
No shared spaces configured.
}

