# JRE version: 6.0_34-b34
# Java VM: OpenJDK Zero VM (23.25-b01 mixed mode linux-arm )
Heap
 def new generation   total 4480K, used 4151K [0x52d20000, 0x531e0000, 0x5c7c0000)
  eden space 4096K,  99% used [0x52d20000, 0x5311ef00, 0x53120000)
  from space 384K,  15% used [0x53180000, 0x5318eff0, 0x531e0000)
  to   space 384K,   0% used [0x53120000, 0x53120000, 0x53180000)
 tenured generation   total 9984K, used 1361K [0x5c7c0000, 0x5d180000, 0x6fd20000)
   the space 9984K,  13% used [0x5c7c0000, 0x5c914638, 0x5c914800, 0x5d180000)
 compacting perm gen  total 6912K, used 6779K [0x6fd20000, 0x703e0000, 0x73d20000)
   the space 6912K,  98% used [0x6fd20000, 0x703bec70, 0x703bee00, 0x703e0000)
GC Heap History (10 events):
Event: 3.391 GC heap before
{Heap before GC invocations=0 (full 0):
 def new generation   total 4480K, used 4090K [0x52d20000, 0x531e0000, 0x5c7c0000)
  eden space 4096K,  99% used [0x52d20000, 0x5311ea48, 0x53120000)
  from space 384K,   0% used [0x53120000, 0x53120000, 0x53180000)
  to   space 384K,   0% used [0x53180000, 0x53180000, 0x531e0000)
 tenured generation   total 9984K, used 0K [0x5c7c0000, 0x5d180000, 0x6fd20000)
   the space 9984K,   0% used [0x5c7c0000, 0x5c7c0000, 0x5c7c0200, 0x5d180000)
 compacting perm gen  total 6912K, used 6668K [0x6fd20000, 0x703e0000, 0x73d20000)
   the space 6912K,  96% used [0x6fd20000, 0x703a31f8, 0x703a3200, 0x703e0000)
No shared spaces configured.
Event: 3.455 GC heap after
Heap after GC invocations=1 (full 0):
 def new generation   total 4480K, used 384K [0x52d20000, 0x531e0000, 0x5c7c0000)
  eden space 4096K,   0% used [0x52d20000, 0x52d20000, 0x53120000)
  from space 384K, 100% used [0x53180000, 0x531e0000, 0x531e0000)
  to   space 384K,   0% used [0x53120000, 0x53120000, 0x53180000)
 tenured generation   total 9984K, used 984K [0x5c7c0000, 0x5d180000, 0x6fd20000)
   the space 9984K,   9% used [0x5c7c0000, 0x5c8b6298, 0x5c8b6400, 0x5d180000)
 compacting perm gen  total 6912K, used 6668K [0x6fd20000, 0x703e0000, 0x73d20000)
   the space 6912K,  96% used [0x6fd20000, 0x703a31f8, 0x703a3200, 0x703e0000)
No shared spaces configured.
}
Event: 3.479 GC heap before
{Heap before GC invocations=1 (full 0):
 def new generation   total 4480K, used 4477K [0x52d20000, 0x531e0000, 0x5c7c0000)
  eden space 4096K,  99% used [0x52d20000, 0x5311f668, 0x53120000)
  from space 384K, 100% used [0x53180000, 0x531e0000, 0x531e0000)
  to   space 384K,   0% used [0x53120000, 0x53120000, 0x53180000)
 tenured generation   total 9984K, used 984K [0x5c7c0000, 0x5d180000, 0x6fd20000)
   the space 9984K,   9% used [0x5c7c0000, 0x5c8b6298, 0x5c8b6400, 0x5d180000)
 compacting perm gen  total 6912K, used 6668K [0x6fd20000, 0x703e0000, 0x73d20000)
   the space 6912K,  96% used [0x6fd20000, 0x703a31f8, 0x703a3200, 0x703e0000)
No shared spaces configured.
Event: 3.518 GC heap after
Heap after GC invocations=2 (full 0):
 def new generation   total 4480K, used 46K [0x52d20000, 0x531e0000, 0x5c7c0000)
  eden space 4096K,   0% used [0x52d20000, 0x52d20000, 0x53120000)
  from space 384K,  12% used [0x53120000, 0x5312baf0, 0x53180000)
  to   space 384K,   0% used [0x53180000, 0x53180000, 0x531e0000)
 tenured generation   total 9984K, used 1361K [0x5c7c0000, 0x5d180000, 0x6fd20000)
   the space 9984K,  13% used [0x5c7c0000, 0x5c914638, 0x5c914800, 0x5d180000)
 compacting perm gen  total 6912K, used 6668K [0x6fd20000, 0x703e0000, 0x73d20000)
   the space 6912K,  96% used [0x6fd20000, 0x703a31f8, 0x703a3200, 0x703e0000)
No shared spaces configured.
}
Event: 3.546 GC heap before
{Heap before GC invocations=2 (full 0):
 def new generation   total 4480K, used 4139K [0x52d20000, 0x531e0000, 0x5c7c0000)
  eden space 4096K,  99% used [0x52d20000, 0x5311f4f0, 0x53120000)
  from space 384K,  12% used [0x53120000, 0x5312baf0, 0x53180000)
  to   space 384K,   0% used [0x53180000, 0x53180000, 0x531e0000)
 tenured generation   total 9984K, used 1361K [0x5c7c0000, 0x5d180000, 0x6fd20000)
   the space 9984K,  13% used [0x5c7c0000, 0x5c914638, 0x5c914800, 0x5d180000)
 compacting perm gen  total 6912K, used 6668K [0x6fd20000, 0x703e0000, 0x73d20000)
   the space 6912K,  96% used [0x6fd20000, 0x703a31f8, 0x703a3200, 0x703e0000)
No shared spaces configured.
Event: 3.573 GC heap after
Heap after GC invocations=3 (full 0):
 def new generation   total 4480K, used 62K [0x52d20000, 0x531e0000, 0x5c7c0000)
  eden space 4096K,   0% used [0x52d20000, 0x52d20000, 0x53120000)
  from space 384K,  16% used [0x53180000, 0x5318fb30, 0x531e0000)
  to   space 384K,   0% used [0x53120000, 0x53120000, 0x53180000)
 tenured generation   total 9984K, used 1361K [0x5c7c0000, 0x5d180000, 0x6fd20000)
   the space 9984K,  13% used [0x5c7c0000, 0x5c914638, 0x5c914800, 0x5d180000)
 compacting perm gen  total 6912K, used 6668K [0x6fd20000, 0x703e0000, 0x73d20000)
   the space 6912K,  96% used [0x6fd20000, 0x703a31f8, 0x703a3200, 0x703e0000)
No shared spaces configured.
}
Event: 3.604 GC heap before
{Heap before GC invocations=3 (full 0):
 def new generation   total 4480K, used 4153K [0x52d20000, 0x531e0000, 0x5c7c0000)
  eden space 4096K,  99% used [0x52d20000, 0x5311ec40, 0x53120000)
  from space 384K,  16% used [0x53180000, 0x5318fb30, 0x531e0000)
  to   space 384K,   0% used [0x53120000, 0x53120000, 0x53180000)
 tenured generation   total 9984K, used 1361K [0x5c7c0000, 0x5d180000, 0x6fd20000)
   the space 9984K,  13% used [0x5c7c0000, 0x5c914638, 0x5c914800, 0x5d180000)
 compacting perm gen  total 6912K, used 6668K [0x6fd20000, 0x703e0000, 0x73d20000)
   the space 6912K,  96% used [0x6fd20000, 0x703a31f8, 0x703a3200, 0x703e0000)
No shared spaces configured.
Event: 3.606 GC heap after
Heap after GC invocations=4 (full 0):
 def new generation   total 4480K, used 45K [0x52d20000, 0x531e0000, 0x5c7c0000)
  eden space 4096K,   0% used [0x52d20000, 0x52d20000, 0x53120000)
  from space 384K,  11% used [0x53120000, 0x5312b500, 0x53180000)
  to   space 384K,   0% used [0x53180000, 0x53180000, 0x531e0000)
 tenured generation   total 9984K, used 1361K [0x5c7c0000, 0x5d180000, 0x6fd20000)
   the space 9984K,  13% used [0x5c7c0000, 0x5c914638, 0x5c914800, 0x5d180000)
 compacting perm gen  total 6912K, used 6668K [0x6fd20000, 0x703e0000, 0x73d20000)
   the space 6912K,  96% used [0x6fd20000, 0x703a31f8, 0x703a3200, 0x703e0000)
No shared spaces configured.
}
Event: 3.629 GC heap before
{Heap before GC invocations=4 (full 0):
 def new generation   total 4480K, used 4116K [0x52d20000, 0x531e0000, 0x5c7c0000)
  eden space 4096K,  99% used [0x52d20000, 0x53119e58, 0x53120000)
  from space 384K,  11% used [0x53120000, 0x5312b500, 0x53180000)
  to   space 384K,   0% used [0x53180000, 0x53180000, 0x531e0000)
 tenured generation   total 9984K, used 1361K [0x5c7c0000, 0x5d180000, 0x6fd20000)
   the space 9984K,  13% used [0x5c7c0000, 0x5c914638, 0x5c914800, 0x5d180000)
 compacting perm gen  total 6912K, used 6691K [0x6fd20000, 0x703e0000, 0x73d20000)
   the space 6912K,  96% used [0x6fd20000, 0x703a8d38, 0x703a8e00, 0x703e0000)
No shared spaces configured.
Event: 3.633 GC heap after
Heap after GC invocations=5 (full 0):
 def new generation   total 4480K, used 59K [0x52d20000, 0x531e0000, 0x5c7c0000)
  eden space 4096K,   0% used [0x52d20000, 0x52d20000, 0x53120000)
  from space 384K,  15% used [0x53180000, 0x5318eff0, 0x531e0000)
  to   space 384K,   0% used [0x53120000, 0x53120000, 0x53180000)
 tenured generation   total 9984K, used 1361K [0x5c7c0000, 0x5d180000, 0x6fd20000)
   the space 9984K,  13% used [0x5c7c0000, 0x5c914638, 0x5c914800, 0x5d180000)
 compacting perm gen  total 6912K, used 6691K [0x6fd20000, 0x703e0000, 0x73d20000)
   the space 6912K,  96% used [0x6fd20000, 0x703a8d38, 0x703a8e00, 0x703e0000)
No shared spaces configured.
}

