# JRE version: 6.0_34-b34
# Java VM: OpenJDK Zero VM (23.25-b01 mixed mode linux-arm )
Heap
 def new generation   total 4608K, used 3703K [0x52d40000, 0x53240000, 0x5c7e0000)
  eden space 4096K,  88% used [0x52d40000, 0x530c6178, 0x53140000)
  from space 512K,  18% used [0x531c0000, 0x531d7a88, 0x53240000)
  to   space 512K,   0% used [0x53140000, 0x53140000, 0x531c0000)
 tenured generation   total 18436K, used 10515K [0x5c7e0000, 0x5d9e1000, 0x6fd40000)
   the space 18436K,  57% used [0x5c7e0000, 0x5d224ea8, 0x5d225000, 0x5d9e1000)
 compacting perm gen  total 7424K, used 7221K [0x6fd40000, 0x70480000, 0x73d40000)
   the space 7424K,  97% used [0x6fd40000, 0x7044d630, 0x7044d800, 0x70480000)
GC Heap History (10 events):
Event: 13.945 GC heap before
{Heap before GC invocations=338 (full 1):
 def new generation   total 4608K, used 3792K [0x52d40000, 0x53240000, 0x5c7e0000)
  eden space 4096K,  90% used [0x52d40000, 0x530dbef8, 0x53140000)
  from space 512K,  18% used [0x53140000, 0x531581e0, 0x531c0000)
  to   space 512K,   0% used [0x531c0000, 0x531c0000, 0x53240000)
 tenured generation   total 18436K, used 10515K [0x5c7e0000, 0x5d9e1000, 0x6fd40000)
   the space 18436K,  57% used [0x5c7e0000, 0x5d224ea8, 0x5d225000, 0x5d9e1000)
 compacting perm gen  total 7424K, used 7221K [0x6fd40000, 0x70480000, 0x73d40000)
   the space 7424K,  97% used [0x6fd40000, 0x7044d630, 0x7044d800, 0x70480000)
No shared spaces configured.
Event: 13.949 GC heap after
Heap after GC invocations=339 (full 1):
 def new generation   total 4608K, used 94K [0x52d40000, 0x53240000, 0x5c7e0000)
  eden space 4096K,   0% used [0x52d40000, 0x52d40000, 0x53140000)
  from space 512K,  18% used [0x531c0000, 0x531d7ba8, 0x53240000)
  to   space 512K,   0% used [0x53140000, 0x53140000, 0x531c0000)
 tenured generation   total 18436K, used 10515K [0x5c7e0000, 0x5d9e1000, 0x6fd40000)
   the space 18436K,  57% used [0x5c7e0000, 0x5d224ea8, 0x5d225000, 0x5d9e1000)
 compacting perm gen  total 7424K, used 7221K [0x6fd40000, 0x70480000, 0x73d40000)
   the space 7424K,  97% used [0x6fd40000, 0x7044d630, 0x7044d800, 0x70480000)
No shared spaces configured.
}
Event: 13.977 GC heap before
{Heap before GC invocations=339 (full 1):
 def new generation   total 4608K, used 3707K [0x52d40000, 0x53240000, 0x5c7e0000)
  eden space 4096K,  88% used [0x52d40000, 0x530c70f0, 0x53140000)
  from space 512K,  18% used [0x531c0000, 0x531d7ba8, 0x53240000)
  to   space 512K,   0% used [0x53140000, 0x53140000, 0x531c0000)
 tenured generation   total 18436K, used 10515K [0x5c7e0000, 0x5d9e1000, 0x6fd40000)
   the space 18436K,  57% used [0x5c7e0000, 0x5d224ea8, 0x5d225000, 0x5d9e1000)
 compacting perm gen  total 7424K, used 7221K [0x6fd40000, 0x70480000, 0x73d40000)
   the space 7424K,  97% used [0x6fd40000, 0x7044d630, 0x7044d800, 0x70480000)
No shared spaces configured.
Event: 13.982 GC heap after
Heap after GC invocations=340 (full 1):
 def new generation   total 4608K, used 96K [0x52d40000, 0x53240000, 0x5c7e0000)
  eden space 4096K,   0% used [0x52d40000, 0x52d40000, 0x53140000)
  from space 512K,  18% used [0x53140000, 0x531582a0, 0x531c0000)
  to   space 512K,   0% used [0x531c0000, 0x531c0000, 0x53240000)
 tenured generation   total 18436K, used 10515K [0x5c7e0000, 0x5d9e1000, 0x6fd40000)
   the space 18436K,  57% used [0x5c7e0000, 0x5d224ea8, 0x5d225000, 0x5d9e1000)
 compacting perm gen  total 7424K, used 7221K [0x6fd40000, 0x70480000, 0x73d40000)
   the space 7424K,  97% used [0x6fd40000, 0x7044d630, 0x7044d800, 0x70480000)
No shared spaces configured.
}
Event: 14.022 GC heap before
{Heap before GC invocations=340 (full 1):
 def new generation   total 4608K, used 3775K [0x52d40000, 0x53240000, 0x5c7e0000)
  eden space 4096K,  89% used [0x52d40000, 0x530d7c78, 0x53140000)
  from space 512K,  18% used [0x53140000, 0x531582a0, 0x531c0000)
  to   space 512K,   0% used [0x531c0000, 0x531c0000, 0x53240000)
 tenured generation   total 18436K, used 10515K [0x5c7e0000, 0x5d9e1000, 0x6fd40000)
   the space 18436K,  57% used [0x5c7e0000, 0x5d224ea8, 0x5d225000, 0x5d9e1000)
 compacting perm gen  total 7424K, used 7221K [0x6fd40000, 0x70480000, 0x73d40000)
   the space 7424K,  97% used [0x6fd40000, 0x7044d630, 0x7044d800, 0x70480000)
No shared spaces configured.
Event: 14.026 GC heap after
Heap after GC invocations=341 (full 1):
 def new generation   total 4608K, used 96K [0x52d40000, 0x53240000, 0x5c7e0000)
  eden space 4096K,   0% used [0x52d40000, 0x52d40000, 0x53140000)
  from space 512K,  18% used [0x531c0000, 0x531d8248, 0x53240000)
  to   space 512K,   0% used [0x53140000, 0x53140000, 0x531c0000)
 tenured generation   total 18436K, used 10515K [0x5c7e0000, 0x5d9e1000, 0x6fd40000)
   the space 18436K,  57% used [0x5c7e0000, 0x5d224ea8, 0x5d225000, 0x5d9e1000)
 compacting perm gen  total 7424K, used 7221K [0x6fd40000, 0x70480000, 0x73d40000)
   the space 7424K,  97% used [0x6fd40000, 0x7044d630, 0x7044d800, 0x70480000)
No shared spaces configured.
}
Event: 14.050 GC heap before
{Heap before GC invocations=341 (full 1):
 def new generation   total 4608K, used 3756K [0x52d40000, 0x53240000, 0x5c7e0000)
  eden space 4096K,  89% used [0x52d40000, 0x530d2e40, 0x53140000)
  from space 512K,  18% used [0x531c0000, 0x531d8248, 0x53240000)
  to   space 512K,   0% used [0x53140000, 0x53140000, 0x531c0000)
 tenured generation   total 18436K, used 10515K [0x5c7e0000, 0x5d9e1000, 0x6fd40000)
   the space 18436K,  57% used [0x5c7e0000, 0x5d224ea8, 0x5d225000, 0x5d9e1000)
 compacting perm gen  total 7424K, used 7221K [0x6fd40000, 0x70480000, 0x73d40000)
   the space 7424K,  97% used [0x6fd40000, 0x7044d630, 0x7044d800, 0x70480000)
No shared spaces configured.
Event: 14.053 GC heap after
Heap after GC invocations=342 (full 1):
 def new generation   total 4608K, used 94K [0x52d40000, 0x53240000, 0x5c7e0000)
  eden space 4096K,   0% used [0x52d40000, 0x52d40000, 0x53140000)
  from space 512K,  18% used [0x53140000, 0x53157a88, 0x531c0000)
  to   space 512K,   0% used [0x531c0000, 0x531c0000, 0x53240000)
 tenured generation   total 18436K, used 10515K [0x5c7e0000, 0x5d9e1000, 0x6fd40000)
   the space 18436K,  57% used [0x5c7e0000, 0x5d224ea8, 0x5d225000, 0x5d9e1000)
 compacting perm gen  total 7424K, used 7221K [0x6fd40000, 0x70480000, 0x73d40000)
   the space 7424K,  97% used [0x6fd40000, 0x7044d630, 0x7044d800, 0x70480000)
No shared spaces configured.
}
Event: 14.069 GC heap before
{Heap before GC invocations=342 (full 1):
 def new generation   total 4608K, used 3744K [0x52d40000, 0x53240000, 0x5c7e0000)
  eden space 4096K,  89% used [0x52d40000, 0x530d08d8, 0x53140000)
  from space 512K,  18% used [0x53140000, 0x53157a88, 0x531c0000)
  to   space 512K,   0% used [0x531c0000, 0x531c0000, 0x53240000)
 tenured generation   total 18436K, used 10515K [0x5c7e0000, 0x5d9e1000, 0x6fd40000)
   the space 18436K,  57% used [0x5c7e0000, 0x5d224ea8, 0x5d225000, 0x5d9e1000)
 compacting perm gen  total 7424K, used 7221K [0x6fd40000, 0x70480000, 0x73d40000)
   the space 7424K,  97% used [0x6fd40000, 0x7044d630, 0x7044d800, 0x70480000)
No shared spaces configured.
Event: 14.073 GC heap after
Heap after GC invocations=343 (full 1):
 def new generation   total 4608K, used 94K [0x52d40000, 0x53240000, 0x5c7e0000)
  eden space 4096K,   0% used [0x52d40000, 0x52d40000, 0x53140000)
  from space 512K,  18% used [0x531c0000, 0x531d7a88, 0x53240000)
  to   space 512K,   0% used [0x53140000, 0x53140000, 0x531c0000)
 tenured generation   total 18436K, used 10515K [0x5c7e0000, 0x5d9e1000, 0x6fd40000)
   the space 18436K,  57% used [0x5c7e0000, 0x5d224ea8, 0x5d225000, 0x5d9e1000)
 compacting perm gen  total 7424K, used 7221K [0x6fd40000, 0x70480000, 0x73d40000)
   the space 7424K,  97% used [0x6fd40000, 0x7044d630, 0x7044d800, 0x70480000)
No shared spaces configured.
}

